<?xml version="1.0" encoding="UTF-8"?>
<!-- Generated by org.testng.reporters.JUnitReportReporter -->
<testsuite hostname="IBM-HG252F3" failures="0" tests="1" name="com.tests.ErrorValidations" time="5.588" errors="0" timestamp="2023-01-05T12:27:01 IST" skipped="0">
  <testcase classname="com.tests.ErrorValidations" name="submitOrder" time="5.588"/>
  <system-out/>
</testsuite> <!-- com.tests.ErrorValidations -->
