<?xml version="1.0" encoding="UTF-8"?>
<!-- Generated by org.testng.reporters.JUnitReportReporter -->
<testsuite hostname="IBM-HG252F3" failures="0" tests="2" name="com.tests.SubmitOrderTest" time="41.206" errors="0" timestamp="2023-01-09T13:16:00 IST" skipped="0">
  <testcase classname="com.tests.SubmitOrderTest" name="submitOrder" time="20.607"/>
  <system-out/>
  <testcase classname="com.tests.SubmitOrderTest" name="submitOrder" time="20.599"/>
  <system-out/>
</testsuite> <!-- com.tests.SubmitOrderTest -->
