<?xml version="1.0" encoding="UTF-8"?>
<!-- Generated by org.testng.reporters.JUnitReportReporter -->
<testsuite skipped="0" hostname="DESKTOP-6EA9O54" name="TestPackage.advancedTestNG4" tests="3" failures="0" timestamp="2021-09-18T13:23:36 IST" time="0.015" errors="0">
  <testcase name="Demo2" time="0.010" classname="TestPackage.advancedTestNG4"/>
  <system-out/>
  <testcase name="Demo3" time="0.002" classname="TestPackage.advancedTestNG4"/>
  <system-out/>
  <testcase name="Demo1" time="0.003" classname="TestPackage.advancedTestNG4"/>
  <system-out/>
</testsuite> <!-- TestPackage.advancedTestNG4 -->
