<?xml version="1.0" encoding="UTF-8"?>
<!-- Generated by org.testng.reporters.JUnitReportReporter -->
<testsuite hostname="DESKTOP-6EA9O54" failures="0" tests="2" name="TestPackage.regExp" time="0.003" errors="0" timestamp="2024-06-06T10:17:45 IST" skipped="0">
  <testcase classname="TestPackage.regExp" name="DummyValues" time="0.001"/>
  <testcase classname="TestPackage.regExp" name="ClickValues" time="0.002"/>
</testsuite> <!-- TestPackage.regExp -->
