<?xml version="1.0" encoding="UTF-8"?>
<!-- Generated by org.testng.reporters.JUnitReportReporter -->
<testsuite hostname="DESKTOP-6EA9O54" failures="0" tests="3" name="TestPackage.advancedTestNG3" time="0.018" errors="0" timestamp="2024-06-28T09:09:33 IST" skipped="0">
  <testcase classname="TestPackage.advancedTestNG3" name="methodRandom" time="0.003"/>
  <testcase classname="TestPackage.advancedTestNG3" name="typeRandom" time="0.003"/>
  <testcase classname="TestPackage.advancedTestNG3" name="abcRandom" time="0.012"/>
</testsuite> <!-- TestPackage.advancedTestNG3 -->
