<?xml version="1.0" encoding="UTF-8"?>
<!-- Generated by org.testng.reporters.JUnitReportReporter -->
<testsuite skipped="0" hostname="DESKTOP-6EA9O54" name="TestPackage.parametrizationClass" tests="2" failures="0" timestamp="2021-08-18T12:43:50 IST" time="0.011" errors="0">
  <testcase name="paramSuite" time="0.009" classname="TestPackage.parametrizationClass"/>
  <system-out/>
  <testcase name="paramTest" time="0.002" classname="TestPackage.parametrizationClass"/>
  <system-out/>
</testsuite> <!-- TestPackage.parametrizationClass -->
