<?xml version="1.0" encoding="UTF-8"?>
<!-- Generated by org.testng.reporters.JUnitReportReporter -->
<testsuite hostname="DESKTOP-6EA9O54" failures="0" tests="3" name="TestPackage.advancedTestNG4" time="0.012" errors="0" timestamp="2024-06-28T09:09:33 IST" skipped="0">
  <testcase classname="TestPackage.advancedTestNG4" name="Demo1" time="0.005"/>
  <testcase classname="TestPackage.advancedTestNG4" name="Demo3" time="0.002"/>
  <testcase classname="TestPackage.advancedTestNG4" name="Demo2" time="0.005"/>
</testsuite> <!-- TestPackage.advancedTestNG4 -->
