<?xml version="1.0" encoding="UTF-8"?>
<!-- Generated by org.testng.reporters.JUnitReportReporter -->
<testsuite skipped="0" hostname="DESKTOP-6EA9O54" name="TestPackage.helperAttributes" tests="5" failures="0" timestamp="2021-09-01T08:07:53 IST" time="0.018" errors="0">
  <testcase name="ctNew" time="0.008" classname="TestPackage.helperAttributes"/>
  <system-out/>
  <testcase name="qRandom" time="0.007" classname="TestPackage.helperAttributes"/>
  <system-out/>
  <testcase name="tcRandom" time="0.001" classname="TestPackage.helperAttributes"/>
  <system-out/>
  <testcase name="attRandom" time="0.001" classname="TestPackage.helperAttributes"/>
  <system-out/>
  <testcase name="clickValues" time="0.001" classname="TestPackage.helperAttributes"/>
  <system-out/>
</testsuite> <!-- TestPackage.helperAttributes -->
