<?xml version="1.0" encoding="UTF-8"?>
<!-- Generated by org.testng.reporters.JUnitReportReporter -->
<testsuite hostname="DESKTOP-6EA9O54" failures="0" tests="3" name="TestPackage.test" time="0.013" errors="0" timestamp="2024-06-09T12:03:35 IST" skipped="0">
  <testcase classname="TestPackage.test" name="m1" time="0.011"/>
  <testcase classname="TestPackage.test" name="m1" time="0.001"/>
  <testcase classname="TestPackage.test" name="m1" time="0.001"/>
</testsuite> <!-- TestPackage.test -->
