<?xml version="1.0" encoding="UTF-8"?>
<!-- Generated by org.testng.reporters.JUnitReportReporter -->
<testsuite skipped="0" hostname="DESKTOP-6EA9O54" name="TestPackage.advancedTestNG3" tests="3" failures="0" timestamp="2021-09-22T21:43:57 IST" time="0.009" errors="0">
  <testcase name="methodRandom" time="0.007" classname="TestPackage.advancedTestNG3"/>
  <system-out/>
  <testcase name="typeRandom" time="0.001" classname="TestPackage.advancedTestNG3"/>
  <system-out/>
  <testcase name="abcRandom" time="0.001" classname="TestPackage.advancedTestNG3"/>
  <system-out/>
</testsuite> <!-- TestPackage.advancedTestNG3 -->
