<?xml version="1.0" encoding="UTF-8"?>
<!-- Generated by org.testng.reporters.JUnitReportReporter -->
<testsuite skipped="0" hostname="DESKTOP-6EA9O54" name="TestPackage.basicTestNG2" tests="3" failures="0" timestamp="2021-09-18T13:23:36 IST" time="1.727" errors="0">
  <testcase name="Demo3" time="0.003" classname="TestPackage.basicTestNG2"/>
  <system-out/>
  <testcase name="Demo1" time="1.720" classname="TestPackage.basicTestNG2"/>
  <system-out/>
  <testcase name="Demo2" time="0.004" classname="TestPackage.basicTestNG2"/>
  <system-out/>
</testsuite> <!-- TestPackage.basicTestNG2 -->
