<?xml version="1.0" encoding="UTF-8"?>
<!-- Generated by org.testng.reporters.JUnitReportReporter -->
<testsuite hostname="DESKTOP-6EA9O54" failures="0" tests="3" name="TestPackage.advancedTestNG3" time="0.029" errors="0" timestamp="2024-05-16T14:03:34 IST" skipped="0">
  <testcase classname="TestPackage.advancedTestNG3" name="methodRandom" time="0.018"/>
  <testcase classname="TestPackage.advancedTestNG3" name="typeRandom" time="0.005"/>
  <testcase classname="TestPackage.advancedTestNG3" name="abcRandom" time="0.006"/>
</testsuite> <!-- TestPackage.advancedTestNG3 -->
