<?xml version="1.0" encoding="UTF-8"?>
<!-- Generated by org.testng.reporters.JUnitReportReporter -->
<testsuite skipped="0" hostname="DESKTOP-6EA9O54" name="TestPackage.basicsTestNG" tests="3" failures="0" timestamp="2021-09-18T13:23:36 IST" time="7.766" errors="0">
  <testcase name="Demo2" time="0.004" classname="TestPackage.basicsTestNG"/>
  <system-out/>
  <testcase name="Demo1" time="7.756" classname="TestPackage.basicsTestNG"/>
  <system-out/>
  <testcase name="Demo3" time="0.006" classname="TestPackage.basicsTestNG"/>
  <system-out/>
</testsuite> <!-- TestPackage.basicsTestNG -->
