<?xml version="1.0" encoding="UTF-8"?>
<!-- Generated by org.testng.reporters.JUnitReportReporter -->
<testsuite skipped="0" hostname="DESKTOP-6EA9O54" name="TestPackage.dataProvider" tests="3" failures="0" timestamp="2021-08-18T22:32:29 IST" time="0.007" errors="0">
  <testcase name="useDataProvider" time="0.001" classname="TestPackage.dataProvider"/>
  <system-out/>
  <testcase name="useDataProvider" time="0.001" classname="TestPackage.dataProvider"/>
  <system-out/>
  <testcase name="useDataProvider" time="0.005" classname="TestPackage.dataProvider"/>
  <system-out/>
</testsuite> <!-- TestPackage.dataProvider -->
