<?xml version="1.0" encoding="UTF-8"?>
<!-- Generated by org.testng.reporters.JUnitReportReporter -->
<testsuite hostname="IBM-HG252F3" failures="0" tests="1" name="testMavenProjectPackage.iOSTest" time="0.001" errors="0" timestamp="2023-03-13T20:51:21 IST" skipped="0">
  <testcase classname="testMavenProjectPackage.iOSTest" name="iosPrint" time="0.001"/>
  <system-out/>
</testsuite> <!-- testMavenProjectPackage.iOSTest -->
