<?xml version="1.0" encoding="UTF-8"?>
<!-- Generated by org.testng.reporters.JUnitReportReporter -->
<testsuite skipped="0" hostname="DESKTOP-6EA9O54" name="testMavenProject.practiceMavenTestNG" tests="1" failures="0" timestamp="2021-08-19T08:48:18 IST" time="0.004" errors="0">
  <testcase name="testfn1" time="0.004" classname="testMavenProject.practiceMavenTestNG"/>
  <system-out/>
</testsuite> <!-- testMavenProject.practiceMavenTestNG -->
