<?xml version="1.0" encoding="UTF-8"?>
<!-- Generated by org.testng.reporters.JUnitReportReporter -->
<testsuite skipped="0" hostname="DESKTOP-6EA9O54" name="Loan.PersonalLoan.AppTest" tests="1" failures="0" timestamp="2021-08-19T08:06:39 IST" time="0.009" errors="0">
  <testcase name="shouldAnswerWithTrue" time="0.009" classname="Loan.PersonalLoan.AppTest"/>
  <system-out/>
</testsuite> <!-- Loan.PersonalLoan.AppTest -->
