<?xml version="1.0" encoding="UTF-8"?>
<!-- Generated by org.testng.reporters.JUnitReportReporter -->
<testsuite hostname="IBM-HG252F3" failures="0" tests="1" name="testMavenProjectPackage.seleniumTest" time="0.003" errors="0" timestamp="2023-03-20T14:30:48 IST" skipped="0">
  <testcase classname="testMavenProjectPackage.seleniumTest" name="seleniumPrint" time="0.003"/>
  <system-out/>
</testsuite> <!-- testMavenProjectPackage.seleniumTest -->
