<?xml version="1.0" encoding="UTF-8"?>
<!-- Generated by org.testng.reporters.JUnitReportReporter -->
<testsuite hostname="DESKTOP-6EA9O54" failures="0" tests="2" name="testMavenProjectPackage.seleniumTest" time="0.020" errors="0" timestamp="2024-06-23T13:33:40 IST" skipped="0">
  <testcase classname="testMavenProjectPackage.seleniumTest" name="seleniumPrint" time="0.020"/>
  <system-out/>
  <testcase classname="testMavenProjectPackage.seleniumTest" name="seleniumPrint" time="0.000"/>
  <system-out/>
</testsuite> <!-- testMavenProjectPackage.seleniumTest -->
