<?xml version="1.0" encoding="UTF-8"?>
<!-- Generated by org.testng.reporters.JUnitReportReporter -->
<testsuite skipped="0" hostname="DESKTOP-6EA9O54" name="testMavenProjectPackage.iOSTest" tests="1" failures="0" timestamp="2021-08-28T17:46:16 IST" time="0.003" errors="0">
  <testcase name="iosPrint" time="0.003" classname="testMavenProjectPackage.iOSTest"/>
  <system-out/>
</testsuite> <!-- testMavenProjectPackage.iOSTest -->
