<?xml version="1.0" encoding="UTF-8"?>
<!-- Generated by org.testng.reporters.JUnitReportReporter -->
<testsuite skipped="0" hostname="DESKTOP-6EA9O54" name="TestAnnotations.Annotations" tests="2" failures="0" timestamp="2020-05-11T18:17:48 IST" time="0.010" errors="0">
  <testcase name="mainFlow" time="0.009" classname="TestAnnotations.Annotations"/>
  <system-out/>
  <testcase name="subFlow" time="0.001" classname="TestAnnotations.Annotations"/>
  <system-out/>
</testsuite> <!-- TestAnnotations.Annotations -->
