<?xml version="1.0" encoding="UTF-8"?>
<!-- Generated by org.testng.reporters.JUnitReportReporter -->
<testsuite hostname="IBM-HG252F3" failures="0" tests="2" name="TestAnnotations.Annotations" time="0.004" errors="0" timestamp="2023-05-23T13:31:29 IST" skipped="0">
  <testcase classname="TestAnnotations.Annotations" name="mainFlow" time="0.003"/>
  <system-out/>
  <testcase classname="TestAnnotations.Annotations" name="subFlow" time="0.001"/>
  <system-out/>
</testsuite> <!-- TestAnnotations.Annotations -->
