<?xml version="1.0" encoding="UTF-8"?>
<!-- Generated by org.testng.reporters.JUnitReportReporter -->
<testsuite skipped="0" hostname="DESKTOP-6EA9O54" name="Loan.PersonalLoan.newTestNG" tests="3" failures="0" timestamp="2021-08-19T08:05:24 IST" time="4.254" errors="0">
  <testcase name="Demo3" time="0.011" classname="Loan.PersonalLoan.newTestNG"/>
  <system-out/>
  <testcase name="Demo1" time="4.239" classname="Loan.PersonalLoan.newTestNG"/>
  <system-out/>
  <testcase name="Demo2" time="0.004" classname="Loan.PersonalLoan.newTestNG"/>
  <system-out/>
</testsuite> <!-- Loan.PersonalLoan.newTestNG -->
