<?xml version="1.0" encoding="UTF-8"?>
<!-- Generated by org.testng.reporters.JUnitReportReporter -->
<testsuite skipped="0" hostname="DESKTOP-6EA9O54" name="cucumberOptions.TestRunner" tests="2" failures="0" timestamp="2021-11-03T09:20:29 IST" time="0.125" errors="0">
  <testcase name="runScenario" time="0.118" classname="cucumberOptions.TestRunner"/>
  <testcase name="runScenario" time="0.007" classname="cucumberOptions.TestRunner"/>
</testsuite> <!-- cucumberOptions.TestRunner -->
