<?xml version="1.0" encoding="UTF-8"?>
<!-- Generated by org.testng.reporters.JUnitReportReporter -->
<testsuite skipped="0" hostname="DESKTOP-6EA9O54" name="cucumberOptions.TestRunner" tests="2" failures="0" timestamp="2021-11-03T09:20:57 IST" time="0.132" errors="0">
  <testcase name="runScenario" time="0.122" classname="cucumberOptions.TestRunner"/>
  <testcase name="runScenario" time="0.010" classname="cucumberOptions.TestRunner"/>
</testsuite> <!-- cucumberOptions.TestRunner -->
