<?xml version="1.0" encoding="UTF-8"?>
<!-- Generated by org.testng.reporters.JUnitReportReporter -->
<testsuite hostname="DESKTOP-6EA9O54" failures="0" tests="2" name="cucumberOptions.TestRunner" time="0.079" errors="0" timestamp="2024-06-01T13:07:39 IST" skipped="0">
  <testcase classname="cucumberOptions.TestRunner" name="runScenario" time="0.076"/>
  <testcase classname="cucumberOptions.TestRunner" name="runScenario" time="0.003"/>
</testsuite> <!-- cucumberOptions.TestRunner -->
