<?xml version="1.0" encoding="UTF-8"?>
<!-- Generated by org.testng.reporters.JUnitReportReporter -->
<testsuite skipped="0" hostname="DESKTOP-6EA9O54" name="testMavenProject.practiceMavenTestNG" tests="1" failures="0" timestamp="2020-05-18T08:42:43 IST" time="0.017" errors="0">
  <testcase name="testfn1" time="0.017" classname="testMavenProject.practiceMavenTestNG"/>
  <system-out/>
</testsuite> <!-- testMavenProject.practiceMavenTestNG -->
