<?xml version="1.0" encoding="UTF-8"?>
<!-- Generated by org.testng.reporters.JUnitReportReporter -->
<testsuite skipped="0" hostname="DESKTOP-6EA9O54" name="Reports.ExtentReportsMaven.ExtentReportTest" tests="1" failures="0" timestamp="2021-08-28T12:18:12 IST" time="35.973" errors="0">
  <testcase name="initialSetup" time="35.973" classname="Reports.ExtentReportsMaven.ExtentReportTest"/>
  <system-out/>
</testsuite> <!-- Reports.ExtentReportsMaven.ExtentReportTest -->
