<?xml version="1.0" encoding="UTF-8"?>
<!-- Generated by org.testng.reporters.JUnitReportReporter -->
<testsuite hostname="IBM-HG252F3" failures="0" tests="1" name="com.cucumber.TestNGTestRunner" time="24.597" errors="0" timestamp="2023-01-19T14:46:12 IST" skipped="0">
  <testcase classname="com.cucumber.TestNGTestRunner" name="runScenario" time="24.597"/>
  <system-out/>
</testsuite> <!-- com.cucumber.TestNGTestRunner -->
