<?xml version="1.0" encoding="UTF-8"?>
<!-- Generated by org.testng.reporters.JUnitReportReporter -->
<testsuite hostname="IBM-HG252F3" failures="0" tests="2" name="com.tests.SubmitOrderTest" time="64.211" errors="0" timestamp="2023-01-06T10:39:06 IST" skipped="0">
  <testcase classname="com.tests.SubmitOrderTest" name="submitOrder" time="59.630"/>
  <system-out/>
  <testcase classname="com.tests.SubmitOrderTest" name="orderHistoryTest" time="4.581"/>
  <system-out/>
</testsuite> <!-- com.tests.SubmitOrderTest -->
