<?xml version="1.0" encoding="UTF-8"?>
<!-- Generated by org.testng.reporters.JUnitReportReporter -->
<testsuite hostname="IBM-HG252F3" failures="0" tests="1" name="com.tests.ErrorValidationsTest" time="5.151" errors="0" timestamp="2023-01-06T10:55:29 IST" skipped="0">
  <testcase classname="com.tests.ErrorValidationsTest" name="LoginErrorValidation" time="5.151"/>
  <system-out/>
</testsuite> <!-- com.tests.ErrorValidationsTest -->
